0 info it worked if it ends with ok
1 verbose cli [ '/Users/s0a00mv/.nvm/versions/v7.2.0/bin/node',
1 verbose cli   '/Users/s0a00mv/.nvm/versions/v7.2.0/bin/npm',
1 verbose cli   'start' ]
2 info using npm@3.10.9
3 info using node@v7.2.0
4 verbose run-script [ 'prestart', 'start', 'poststart' ]
5 info lifecycle powervouch@1.0.0~prestart: powervouch@1.0.0
6 silly lifecycle powervouch@1.0.0~prestart: no script for prestart, continuing
7 info lifecycle powervouch@1.0.0~start: powervouch@1.0.0
8 verbose lifecycle powervouch@1.0.0~start: unsafe-perm in lifecycle true
9 verbose lifecycle powervouch@1.0.0~start: PATH: /Users/s0a00mv/.nvm/versions/v7.2.0/lib/node_modules/npm/bin/node-gyp-bin:/Users/s0a00mv/Documents/git/powerVouch/node_modules/.bin:/Users/s0a00mv/.nvm/versions/v7.2.0/bin:/Users/s0a00mv/Library/Android/sdk/tools:/Users/s0a00mv/Library/Android/sdk/platform-tools:/usr/local/bin:/Library/Java/JavaVirtualMachines/jdk1.8.0_111.jdk/Contents/Home/bin:/Users/s0a00mv/.nvm/versions/v6.0.0/bin:/usr/local/bin:/usr/bin:/bin:/usr/sbin:/sbin:/Applications/Wireshark.app/Contents/MacOS:./node_modules/.bin:/Applications/Android Studio.app/sdk/platform-tools:/Applications/Android Studio.app/sdk/tools:/Users/s0a00mv/apache-maven-3.5.2/bin
10 verbose lifecycle powervouch@1.0.0~start: CWD: /Users/s0a00mv/Documents/git/powerVouch
11 silly lifecycle powervouch@1.0.0~start: Args: [ '-c', 'node app' ]
12 silly lifecycle powervouch@1.0.0~start: Returned: code: 1  signal: null
13 info lifecycle powervouch@1.0.0~start: Failed to exec start script
14 verbose stack Error: powervouch@1.0.0 start: `node app`
14 verbose stack Exit status 1
14 verbose stack     at EventEmitter.<anonymous> (/Users/s0a00mv/.nvm/versions/v7.2.0/lib/node_modules/npm/lib/utils/lifecycle.js:255:16)
14 verbose stack     at emitTwo (events.js:106:13)
14 verbose stack     at EventEmitter.emit (events.js:191:7)
14 verbose stack     at ChildProcess.<anonymous> (/Users/s0a00mv/.nvm/versions/v7.2.0/lib/node_modules/npm/lib/utils/spawn.js:40:14)
14 verbose stack     at emitTwo (events.js:106:13)
14 verbose stack     at ChildProcess.emit (events.js:191:7)
14 verbose stack     at maybeClose (internal/child_process.js:885:16)
14 verbose stack     at Process.ChildProcess._handle.onexit (internal/child_process.js:226:5)
15 verbose pkgid powervouch@1.0.0
16 verbose cwd /Users/s0a00mv/Documents/git/powerVouch
17 error Darwin 17.3.0
18 error argv "/Users/s0a00mv/.nvm/versions/v7.2.0/bin/node" "/Users/s0a00mv/.nvm/versions/v7.2.0/bin/npm" "start"
19 error node v7.2.0
20 error npm  v3.10.9
21 error code ELIFECYCLE
22 error powervouch@1.0.0 start: `node app`
22 error Exit status 1
23 error Failed at the powervouch@1.0.0 start script 'node app'.
23 error Make sure you have the latest version of node.js and npm installed.
23 error If you do, this is most likely a problem with the powervouch package,
23 error not with npm itself.
23 error Tell the author that this fails on your system:
23 error     node app
23 error You can get information on how to open an issue for this project with:
23 error     npm bugs powervouch
23 error Or if that isn't available, you can get their info via:
23 error     npm owner ls powervouch
23 error There is likely additional logging output above.
24 verbose exit [ 1, true ]
